2023-10-16 12:00:30,255 INFO o.a.j.u.JMeterUtils: Setting Locale to en_US
2023-10-16 12:00:30,270 INFO o.a.j.JMeter: Loading user properties from: user.properties
2023-10-16 12:00:30,271 INFO o.a.j.JMeter: Loading system properties from: system.properties
2023-10-16 12:00:30,276 INFO o.a.j.JMeter: Copyright (c) 1998-2023 The Apache Software Foundation
2023-10-16 12:00:30,276 INFO o.a.j.JMeter: Version 5.6.2
2023-10-16 12:00:30,276 INFO o.a.j.JMeter: java.version=21
2023-10-16 12:00:30,277 INFO o.a.j.JMeter: java.vm.name=Java HotSpot(TM) 64-Bit Server VM
2023-10-16 12:00:30,277 INFO o.a.j.JMeter: os.name=Windows 11
2023-10-16 12:00:30,277 INFO o.a.j.JMeter: os.arch=amd64
2023-10-16 12:00:30,277 INFO o.a.j.JMeter: os.version=10.0
2023-10-16 12:00:30,277 INFO o.a.j.JMeter: file.encoding=UTF-8
2023-10-16 12:00:30,277 INFO o.a.j.JMeter: java.awt.headless=null
2023-10-16 12:00:30,277 INFO o.a.j.JMeter: Max memory     =8539602944
2023-10-16 12:00:30,277 INFO o.a.j.JMeter: Available Processors =12
2023-10-16 12:00:30,285 INFO o.a.j.JMeter: Default Locale=English (United States)
2023-10-16 12:00:30,285 INFO o.a.j.JMeter: JMeter  Locale=English (United States)
2023-10-16 12:00:30,285 INFO o.a.j.JMeter: JMeterHome=C:\xampp\htdocs\SQA\apache-jmeter-5.6.2
2023-10-16 12:00:30,285 INFO o.a.j.JMeter: user.dir  =C:\xampp\htdocs\SQA\apache-jmeter-5.6.2\bin
2023-10-16 12:00:30,285 INFO o.a.j.JMeter: PWD       =C:\xampp\htdocs\SQA\apache-jmeter-5.6.2\bin
2023-10-16 12:00:30,291 INFO o.a.j.JMeter: IP: 172.26.160.1 Name: Laptop098 FullName: Laptop098.mshome.net
2023-10-16 12:00:30,302 INFO o.a.j.JMeter: Loaded icon properties from org/apache/jmeter/images/icon.properties
2023-10-16 12:00:30,447 INFO o.a.j.JMeterGuiLauncher: Setting LAF to: com.github.weisj.darklaf.DarkLaf:com.github.weisj.darklaf.theme.DarculaTheme
2023-10-16 12:01:20,872 INFO o.a.j.p.h.s.HTTPSamplerBase: Parser for text/html is org.apache.jmeter.protocol.http.parser.LagartoBasedHtmlParser
2023-10-16 12:01:20,872 INFO o.a.j.p.h.s.HTTPSamplerBase: Parser for application/xhtml+xml is org.apache.jmeter.protocol.http.parser.LagartoBasedHtmlParser
2023-10-16 12:01:20,872 INFO o.a.j.p.h.s.HTTPSamplerBase: Parser for application/xml is org.apache.jmeter.protocol.http.parser.LagartoBasedHtmlParser
2023-10-16 12:01:20,872 INFO o.a.j.p.h.s.HTTPSamplerBase: Parser for text/xml is org.apache.jmeter.protocol.http.parser.LagartoBasedHtmlParser
2023-10-16 12:01:20,872 INFO o.a.j.p.h.s.HTTPSamplerBase: Parser for text/vnd.wap.wml is org.apache.jmeter.protocol.http.parser.RegexpHTMLParser
2023-10-16 12:01:20,872 INFO o.a.j.p.h.s.HTTPSamplerBase: Parser for text/css is org.apache.jmeter.protocol.http.parser.CssParser
2023-10-16 12:06:12,916 INFO o.a.j.s.FileServer: Default base='C:\xampp\htdocs\SQA\apache-jmeter-5.6.2\bin'
2023-10-16 12:06:12,917 INFO o.a.j.s.FileServer: Set new base='C:\xampp\htdocs\SQA\apache-jmeter-5.6.2\bin\testing-report'
2023-10-16 12:06:13,100 INFO o.a.j.s.SaveService: Testplan (JMX) version: 2.2. Testlog (JTL) version: 2.2
2023-10-16 12:06:13,125 INFO o.a.j.s.SaveService: Using SaveService properties version 5.0
2023-10-16 12:06:13,128 INFO o.a.j.s.SaveService: Using SaveService properties file encoding UTF-8
2023-10-16 12:06:13,148 INFO o.a.j.e.StandardJMeterEngine: Running the test!
2023-10-16 12:06:13,149 INFO o.a.j.s.SampleEvent: List of sample_variables: []
2023-10-16 12:06:13,149 INFO o.a.j.s.SampleEvent: List of sample_variables: []
2023-10-16 12:06:13,150 INFO o.a.j.e.u.CompoundVariable: Note: Function class names must contain the string: '.functions.'
2023-10-16 12:06:13,150 INFO o.a.j.e.u.CompoundVariable: Note: Function class names must not contain the string: '.gui.'
2023-10-16 12:06:13,202 INFO o.a.j.g.u.JMeterMenuBar: setRunning(true, *local*)
2023-10-16 12:06:13,247 INFO o.a.j.e.StandardJMeterEngine: Starting ThreadGroup: 1 : Thread Group
2023-10-16 12:06:13,247 INFO o.a.j.e.StandardJMeterEngine: Starting 100 threads for group Thread Group.
2023-10-16 12:06:13,247 INFO o.a.j.e.StandardJMeterEngine: Thread will continue on error
2023-10-16 12:06:13,247 INFO o.a.j.t.ThreadGroup: Starting thread group... number=1 threads=100 ramp-up=100 delayedStart=false
2023-10-16 12:06:13,250 INFO o.a.j.t.JMeterThread: Thread started: Thread Group 1-1
2023-10-16 12:06:13,262 INFO o.a.j.p.h.s.HTTPHCAbstractImpl: Local host = Laptop098
2023-10-16 12:06:13,271 INFO o.a.j.t.ThreadGroup: Started thread group number 1
2023-10-16 12:06:13,271 INFO o.a.j.e.StandardJMeterEngine: All thread groups have been started
2023-10-16 12:06:13,272 INFO o.a.j.p.h.s.HTTPHC4Impl: HTTP request retry count = 0
2023-10-16 12:06:13,273 INFO o.a.j.s.SampleResult: Note: Sample TimeStamps are START times
2023-10-16 12:06:13,273 INFO o.a.j.s.SampleResult: sampleresult.default.encoding is set to UTF-8
2023-10-16 12:06:13,273 INFO o.a.j.s.SampleResult: sampleresult.useNanoTime=true
2023-10-16 12:06:13,273 INFO o.a.j.s.SampleResult: sampleresult.nanoThreadSleep=5000
2023-10-16 12:06:13,412 INFO o.a.j.p.h.s.h.LazyLayeredConnectionSocketFactory: Setting up HTTPS TrustAll Socket Factory
2023-10-16 12:06:13,414 INFO o.a.j.u.JsseSSLManager: Using default SSL protocol: TLS
2023-10-16 12:06:13,415 INFO o.a.j.u.JsseSSLManager: SSL session context: per-thread
2023-10-16 12:06:13,472 INFO o.a.j.u.SSLManager: JmeterKeyStore Location:  type JKS
2023-10-16 12:06:13,473 INFO o.a.j.u.SSLManager: KeyStore created OK
2023-10-16 12:06:13,474 WARN o.a.j.u.SSLManager: Keystore file not found, loading empty keystore
2023-10-16 12:06:13,983 INFO o.a.j.t.JMeterThread: Thread is done: Thread Group 1-1
2023-10-16 12:06:13,984 INFO o.a.j.t.JMeterThread: Thread finished: Thread Group 1-1
2023-10-16 12:06:14,250 INFO o.a.j.t.JMeterThread: Thread started: Thread Group 1-2
2023-10-16 12:06:14,624 INFO o.a.j.t.JMeterThread: Thread is done: Thread Group 1-2
2023-10-16 12:06:14,624 INFO o.a.j.t.JMeterThread: Thread finished: Thread Group 1-2
2023-10-16 12:06:15,249 INFO o.a.j.t.JMeterThread: Thread started: Thread Group 1-3
2023-10-16 12:06:15,590 INFO o.a.j.t.JMeterThread: Thread is done: Thread Group 1-3
2023-10-16 12:06:15,590 INFO o.a.j.t.JMeterThread: Thread finished: Thread Group 1-3
2023-10-16 12:06:16,248 INFO o.a.j.t.JMeterThread: Thread started: Thread Group 1-4
2023-10-16 12:06:16,589 INFO o.a.j.t.JMeterThread: Thread is done: Thread Group 1-4
2023-10-16 12:06:16,590 INFO o.a.j.t.JMeterThread: Thread finished: Thread Group 1-4
2023-10-16 12:06:17,249 INFO o.a.j.t.JMeterThread: Thread started: Thread Group 1-5
2023-10-16 12:06:17,597 INFO o.a.j.t.JMeterThread: Thread is done: Thread Group 1-5
2023-10-16 12:06:17,598 INFO o.a.j.t.JMeterThread: Thread finished: Thread Group 1-5
2023-10-16 12:06:18,250 INFO o.a.j.t.JMeterThread: Thread started: Thread Group 1-6
2023-10-16 12:06:18,625 INFO o.a.j.t.JMeterThread: Thread is done: Thread Group 1-6
2023-10-16 12:06:18,625 INFO o.a.j.t.JMeterThread: Thread finished: Thread Group 1-6
2023-10-16 12:06:19,248 INFO o.a.j.t.JMeterThread: Thread started: Thread Group 1-7
2023-10-16 12:06:19,629 INFO o.a.j.t.JMeterThread: Thread is done: Thread Group 1-7
2023-10-16 12:06:19,629 INFO o.a.j.t.JMeterThread: Thread finished: Thread Group 1-7
2023-10-16 12:06:20,248 INFO o.a.j.t.JMeterThread: Thread started: Thread Group 1-8
2023-10-16 12:06:20,614 INFO o.a.j.t.JMeterThread: Thread is done: Thread Group 1-8
2023-10-16 12:06:20,614 INFO o.a.j.t.JMeterThread: Thread finished: Thread Group 1-8
2023-10-16 12:06:21,249 INFO o.a.j.t.JMeterThread: Thread started: Thread Group 1-9
2023-10-16 12:06:21,583 INFO o.a.j.t.JMeterThread: Thread is done: Thread Group 1-9
2023-10-16 12:06:21,583 INFO o.a.j.t.JMeterThread: Thread finished: Thread Group 1-9
2023-10-16 12:06:22,248 INFO o.a.j.t.JMeterThread: Thread started: Thread Group 1-10
2023-10-16 12:06:22,615 INFO o.a.j.t.JMeterThread: Thread is done: Thread Group 1-10
2023-10-16 12:06:22,616 INFO o.a.j.t.JMeterThread: Thread finished: Thread Group 1-10
2023-10-16 12:06:23,248 INFO o.a.j.t.JMeterThread: Thread started: Thread Group 1-11
2023-10-16 12:06:23,620 INFO o.a.j.t.JMeterThread: Thread is done: Thread Group 1-11
2023-10-16 12:06:23,621 INFO o.a.j.t.JMeterThread: Thread finished: Thread Group 1-11
2023-10-16 12:06:24,250 INFO o.a.j.t.JMeterThread: Thread started: Thread Group 1-12
2023-10-16 12:06:24,584 INFO o.a.j.t.JMeterThread: Thread is done: Thread Group 1-12
2023-10-16 12:06:24,584 INFO o.a.j.t.JMeterThread: Thread finished: Thread Group 1-12
2023-10-16 12:06:25,250 INFO o.a.j.t.JMeterThread: Thread started: Thread Group 1-13
2023-10-16 12:06:25,602 INFO o.a.j.t.JMeterThread: Thread is done: Thread Group 1-13
2023-10-16 12:06:25,603 INFO o.a.j.t.JMeterThread: Thread finished: Thread Group 1-13
2023-10-16 12:06:26,248 INFO o.a.j.t.JMeterThread: Thread started: Thread Group 1-14
2023-10-16 12:06:26,616 INFO o.a.j.t.JMeterThread: Thread is done: Thread Group 1-14
2023-10-16 12:06:26,616 INFO o.a.j.t.JMeterThread: Thread finished: Thread Group 1-14
2023-10-16 12:06:27,249 INFO o.a.j.t.JMeterThread: Thread started: Thread Group 1-15
2023-10-16 12:06:27,623 INFO o.a.j.t.JMeterThread: Thread is done: Thread Group 1-15
2023-10-16 12:06:27,623 INFO o.a.j.t.JMeterThread: Thread finished: Thread Group 1-15
2023-10-16 12:06:28,250 INFO o.a.j.t.JMeterThread: Thread started: Thread Group 1-16
2023-10-16 12:06:28,604 INFO o.a.j.t.JMeterThread: Thread is done: Thread Group 1-16
2023-10-16 12:06:28,604 INFO o.a.j.t.JMeterThread: Thread finished: Thread Group 1-16
2023-10-16 12:06:29,260 INFO o.a.j.t.JMeterThread: Thread started: Thread Group 1-17
2023-10-16 12:06:29,615 INFO o.a.j.t.JMeterThread: Thread is done: Thread Group 1-17
2023-10-16 12:06:29,615 INFO o.a.j.t.JMeterThread: Thread finished: Thread Group 1-17
2023-10-16 12:06:30,251 INFO o.a.j.t.JMeterThread: Thread started: Thread Group 1-18
2023-10-16 12:06:30,625 INFO o.a.j.t.JMeterThread: Thread is done: Thread Group 1-18
2023-10-16 12:06:30,625 INFO o.a.j.t.JMeterThread: Thread finished: Thread Group 1-18
2023-10-16 12:06:31,249 INFO o.a.j.t.JMeterThread: Thread started: Thread Group 1-19
2023-10-16 12:06:31,588 INFO o.a.j.t.JMeterThread: Thread is done: Thread Group 1-19
2023-10-16 12:06:31,588 INFO o.a.j.t.JMeterThread: Thread finished: Thread Group 1-19
2023-10-16 12:06:32,249 INFO o.a.j.t.JMeterThread: Thread started: Thread Group 1-20
2023-10-16 12:06:32,623 INFO o.a.j.t.JMeterThread: Thread is done: Thread Group 1-20
2023-10-16 12:06:32,623 INFO o.a.j.t.JMeterThread: Thread finished: Thread Group 1-20
2023-10-16 12:06:33,257 INFO o.a.j.t.JMeterThread: Thread started: Thread Group 1-21
2023-10-16 12:06:33,589 INFO o.a.j.t.JMeterThread: Thread is done: Thread Group 1-21
2023-10-16 12:06:33,589 INFO o.a.j.t.JMeterThread: Thread finished: Thread Group 1-21
2023-10-16 12:06:34,255 INFO o.a.j.t.JMeterThread: Thread started: Thread Group 1-22
2023-10-16 12:06:34,596 INFO o.a.j.t.JMeterThread: Thread is done: Thread Group 1-22
2023-10-16 12:06:34,596 INFO o.a.j.t.JMeterThread: Thread finished: Thread Group 1-22
2023-10-16 12:06:35,250 INFO o.a.j.t.JMeterThread: Thread started: Thread Group 1-23
2023-10-16 12:06:35,596 INFO o.a.j.t.JMeterThread: Thread is done: Thread Group 1-23
2023-10-16 12:06:35,597 INFO o.a.j.t.JMeterThread: Thread finished: Thread Group 1-23
2023-10-16 12:06:36,248 INFO o.a.j.t.JMeterThread: Thread started: Thread Group 1-24
2023-10-16 12:06:36,611 INFO o.a.j.t.JMeterThread: Thread is done: Thread Group 1-24
2023-10-16 12:06:36,612 INFO o.a.j.t.JMeterThread: Thread finished: Thread Group 1-24
2023-10-16 12:06:37,249 INFO o.a.j.t.JMeterThread: Thread started: Thread Group 1-25
2023-10-16 12:06:37,659 INFO o.a.j.t.JMeterThread: Thread is done: Thread Group 1-25
2023-10-16 12:06:37,659 INFO o.a.j.t.JMeterThread: Thread finished: Thread Group 1-25
2023-10-16 12:06:38,249 INFO o.a.j.t.JMeterThread: Thread started: Thread Group 1-26
2023-10-16 12:06:38,568 INFO o.a.j.t.JMeterThread: Thread is done: Thread Group 1-26
2023-10-16 12:06:38,568 INFO o.a.j.t.JMeterThread: Thread finished: Thread Group 1-26
2023-10-16 12:06:39,248 INFO o.a.j.t.JMeterThread: Thread started: Thread Group 1-27
2023-10-16 12:06:39,607 INFO o.a.j.t.JMeterThread: Thread is done: Thread Group 1-27
2023-10-16 12:06:39,608 INFO o.a.j.t.JMeterThread: Thread finished: Thread Group 1-27
2023-10-16 12:06:40,250 INFO o.a.j.t.JMeterThread: Thread started: Thread Group 1-28
2023-10-16 12:06:40,592 INFO o.a.j.t.JMeterThread: Thread is done: Thread Group 1-28
2023-10-16 12:06:40,592 INFO o.a.j.t.JMeterThread: Thread finished: Thread Group 1-28
2023-10-16 12:06:41,251 INFO o.a.j.t.JMeterThread: Thread started: Thread Group 1-29
2023-10-16 12:06:41,569 INFO o.a.j.t.JMeterThread: Thread is done: Thread Group 1-29
2023-10-16 12:06:41,570 INFO o.a.j.t.JMeterThread: Thread finished: Thread Group 1-29
2023-10-16 12:06:42,248 INFO o.a.j.t.JMeterThread: Thread started: Thread Group 1-30
2023-10-16 12:06:42,589 INFO o.a.j.t.JMeterThread: Thread is done: Thread Group 1-30
2023-10-16 12:06:42,589 INFO o.a.j.t.JMeterThread: Thread finished: Thread Group 1-30
2023-10-16 12:06:43,248 INFO o.a.j.t.JMeterThread: Thread started: Thread Group 1-31
2023-10-16 12:06:43,640 INFO o.a.j.t.JMeterThread: Thread is done: Thread Group 1-31
2023-10-16 12:06:43,640 INFO o.a.j.t.JMeterThread: Thread finished: Thread Group 1-31
2023-10-16 12:06:44,250 INFO o.a.j.t.JMeterThread: Thread started: Thread Group 1-32
2023-10-16 12:06:44,575 INFO o.a.j.t.JMeterThread: Thread is done: Thread Group 1-32
2023-10-16 12:06:44,575 INFO o.a.j.t.JMeterThread: Thread finished: Thread Group 1-32
2023-10-16 12:06:45,248 INFO o.a.j.t.JMeterThread: Thread started: Thread Group 1-33
2023-10-16 12:06:45,579 INFO o.a.j.t.JMeterThread: Thread is done: Thread Group 1-33
2023-10-16 12:06:45,579 INFO o.a.j.t.JMeterThread: Thread finished: Thread Group 1-33
2023-10-16 12:06:46,249 INFO o.a.j.t.JMeterThread: Thread started: Thread Group 1-34
2023-10-16 12:06:46,580 INFO o.a.j.t.JMeterThread: Thread is done: Thread Group 1-34
2023-10-16 12:06:46,580 INFO o.a.j.t.JMeterThread: Thread finished: Thread Group 1-34
2023-10-16 12:06:47,263 INFO o.a.j.t.JMeterThread: Thread started: Thread Group 1-35
2023-10-16 12:06:47,604 INFO o.a.j.t.JMeterThread: Thread is done: Thread Group 1-35
2023-10-16 12:06:47,604 INFO o.a.j.t.JMeterThread: Thread finished: Thread Group 1-35
2023-10-16 12:06:48,249 INFO o.a.j.t.JMeterThread: Thread started: Thread Group 1-36
2023-10-16 12:06:48,618 INFO o.a.j.t.JMeterThread: Thread is done: Thread Group 1-36
2023-10-16 12:06:48,618 INFO o.a.j.t.JMeterThread: Thread finished: Thread Group 1-36
2023-10-16 12:06:49,250 INFO o.a.j.t.JMeterThread: Thread started: Thread Group 1-37
2023-10-16 12:06:49,584 INFO o.a.j.t.JMeterThread: Thread is done: Thread Group 1-37
2023-10-16 12:06:49,585 INFO o.a.j.t.JMeterThread: Thread finished: Thread Group 1-37
2023-10-16 12:06:50,250 INFO o.a.j.t.JMeterThread: Thread started: Thread Group 1-38
2023-10-16 12:06:50,607 INFO o.a.j.t.JMeterThread: Thread is done: Thread Group 1-38
2023-10-16 12:06:50,608 INFO o.a.j.t.JMeterThread: Thread finished: Thread Group 1-38
2023-10-16 12:06:51,249 INFO o.a.j.t.JMeterThread: Thread started: Thread Group 1-39
2023-10-16 12:06:51,585 INFO o.a.j.t.JMeterThread: Thread is done: Thread Group 1-39
2023-10-16 12:06:51,585 INFO o.a.j.t.JMeterThread: Thread finished: Thread Group 1-39
2023-10-16 12:06:52,248 INFO o.a.j.t.JMeterThread: Thread started: Thread Group 1-40
2023-10-16 12:06:52,593 INFO o.a.j.t.JMeterThread: Thread is done: Thread Group 1-40
2023-10-16 12:06:52,594 INFO o.a.j.t.JMeterThread: Thread finished: Thread Group 1-40
2023-10-16 12:06:53,248 INFO o.a.j.t.JMeterThread: Thread started: Thread Group 1-41
2023-10-16 12:06:53,596 INFO o.a.j.t.JMeterThread: Thread is done: Thread Group 1-41
2023-10-16 12:06:53,597 INFO o.a.j.t.JMeterThread: Thread finished: Thread Group 1-41
2023-10-16 12:06:54,250 INFO o.a.j.t.JMeterThread: Thread started: Thread Group 1-42
2023-10-16 12:06:54,589 INFO o.a.j.t.JMeterThread: Thread is done: Thread Group 1-42
2023-10-16 12:06:54,589 INFO o.a.j.t.JMeterThread: Thread finished: Thread Group 1-42
2023-10-16 12:06:55,250 INFO o.a.j.t.JMeterThread: Thread started: Thread Group 1-43
2023-10-16 12:06:55,569 INFO o.a.j.t.JMeterThread: Thread is done: Thread Group 1-43
2023-10-16 12:06:55,569 INFO o.a.j.t.JMeterThread: Thread finished: Thread Group 1-43
2023-10-16 12:06:56,249 INFO o.a.j.t.JMeterThread: Thread started: Thread Group 1-44
2023-10-16 12:06:56,564 INFO o.a.j.t.JMeterThread: Thread is done: Thread Group 1-44
2023-10-16 12:06:56,564 INFO o.a.j.t.JMeterThread: Thread finished: Thread Group 1-44
2023-10-16 12:06:57,248 INFO o.a.j.t.JMeterThread: Thread started: Thread Group 1-45
2023-10-16 12:06:57,596 INFO o.a.j.t.JMeterThread: Thread is done: Thread Group 1-45
2023-10-16 12:06:57,596 INFO o.a.j.t.JMeterThread: Thread finished: Thread Group 1-45
2023-10-16 12:06:58,249 INFO o.a.j.t.JMeterThread: Thread started: Thread Group 1-46
2023-10-16 12:06:58,646 INFO o.a.j.t.JMeterThread: Thread is done: Thread Group 1-46
2023-10-16 12:06:58,647 INFO o.a.j.t.JMeterThread: Thread finished: Thread Group 1-46
2023-10-16 12:06:59,248 INFO o.a.j.t.JMeterThread: Thread started: Thread Group 1-47
2023-10-16 12:06:59,594 INFO o.a.j.t.JMeterThread: Thread is done: Thread Group 1-47
2023-10-16 12:06:59,596 INFO o.a.j.t.JMeterThread: Thread finished: Thread Group 1-47
2023-10-16 12:07:00,250 INFO o.a.j.t.JMeterThread: Thread started: Thread Group 1-48
2023-10-16 12:07:00,580 INFO o.a.j.t.JMeterThread: Thread is done: Thread Group 1-48
2023-10-16 12:07:00,580 INFO o.a.j.t.JMeterThread: Thread finished: Thread Group 1-48
2023-10-16 12:07:01,250 INFO o.a.j.t.JMeterThread: Thread started: Thread Group 1-49
2023-10-16 12:07:01,557 INFO o.a.j.t.JMeterThread: Thread is done: Thread Group 1-49
2023-10-16 12:07:01,557 INFO o.a.j.t.JMeterThread: Thread finished: Thread Group 1-49
2023-10-16 12:07:02,249 INFO o.a.j.t.JMeterThread: Thread started: Thread Group 1-50
2023-10-16 12:07:02,572 INFO o.a.j.t.JMeterThread: Thread is done: Thread Group 1-50
2023-10-16 12:07:02,572 INFO o.a.j.t.JMeterThread: Thread finished: Thread Group 1-50
2023-10-16 12:07:03,249 INFO o.a.j.t.JMeterThread: Thread started: Thread Group 1-51
2023-10-16 12:07:03,593 INFO o.a.j.t.JMeterThread: Thread is done: Thread Group 1-51
2023-10-16 12:07:03,593 INFO o.a.j.t.JMeterThread: Thread finished: Thread Group 1-51
2023-10-16 12:07:04,248 INFO o.a.j.t.JMeterThread: Thread started: Thread Group 1-52
2023-10-16 12:07:04,575 INFO o.a.j.t.JMeterThread: Thread is done: Thread Group 1-52
2023-10-16 12:07:04,575 INFO o.a.j.t.JMeterThread: Thread finished: Thread Group 1-52
2023-10-16 12:07:05,250 INFO o.a.j.t.JMeterThread: Thread started: Thread Group 1-53
2023-10-16 12:07:05,572 INFO o.a.j.t.JMeterThread: Thread is done: Thread Group 1-53
2023-10-16 12:07:05,573 INFO o.a.j.t.JMeterThread: Thread finished: Thread Group 1-53
2023-10-16 12:07:06,249 INFO o.a.j.t.JMeterThread: Thread started: Thread Group 1-54
2023-10-16 12:07:06,607 INFO o.a.j.t.JMeterThread: Thread is done: Thread Group 1-54
2023-10-16 12:07:06,607 INFO o.a.j.t.JMeterThread: Thread finished: Thread Group 1-54
2023-10-16 12:07:07,256 INFO o.a.j.t.JMeterThread: Thread started: Thread Group 1-55
2023-10-16 12:07:07,587 INFO o.a.j.t.JMeterThread: Thread is done: Thread Group 1-55
2023-10-16 12:07:07,587 INFO o.a.j.t.JMeterThread: Thread finished: Thread Group 1-55
2023-10-16 12:07:08,249 INFO o.a.j.t.JMeterThread: Thread started: Thread Group 1-56
2023-10-16 12:07:08,579 INFO o.a.j.t.JMeterThread: Thread is done: Thread Group 1-56
2023-10-16 12:07:08,580 INFO o.a.j.t.JMeterThread: Thread finished: Thread Group 1-56
2023-10-16 12:07:09,248 INFO o.a.j.t.JMeterThread: Thread started: Thread Group 1-57
2023-10-16 12:07:09,570 INFO o.a.j.t.JMeterThread: Thread is done: Thread Group 1-57
2023-10-16 12:07:09,570 INFO o.a.j.t.JMeterThread: Thread finished: Thread Group 1-57
2023-10-16 12:07:10,249 INFO o.a.j.t.JMeterThread: Thread started: Thread Group 1-58
2023-10-16 12:07:10,589 INFO o.a.j.t.JMeterThread: Thread is done: Thread Group 1-58
2023-10-16 12:07:10,589 INFO o.a.j.t.JMeterThread: Thread finished: Thread Group 1-58
2023-10-16 12:07:11,249 INFO o.a.j.t.JMeterThread: Thread started: Thread Group 1-59
2023-10-16 12:07:11,587 INFO o.a.j.t.JMeterThread: Thread is done: Thread Group 1-59
2023-10-16 12:07:11,587 INFO o.a.j.t.JMeterThread: Thread finished: Thread Group 1-59
2023-10-16 12:07:12,248 INFO o.a.j.t.JMeterThread: Thread started: Thread Group 1-60
2023-10-16 12:07:12,603 INFO o.a.j.t.JMeterThread: Thread is done: Thread Group 1-60
2023-10-16 12:07:12,604 INFO o.a.j.t.JMeterThread: Thread finished: Thread Group 1-60
2023-10-16 12:07:13,249 INFO o.a.j.t.JMeterThread: Thread started: Thread Group 1-61
2023-10-16 12:07:13,557 INFO o.a.j.t.JMeterThread: Thread is done: Thread Group 1-61
2023-10-16 12:07:13,557 INFO o.a.j.t.JMeterThread: Thread finished: Thread Group 1-61
2023-10-16 12:07:14,262 INFO o.a.j.t.JMeterThread: Thread started: Thread Group 1-62
2023-10-16 12:07:14,656 INFO o.a.j.t.JMeterThread: Thread is done: Thread Group 1-62
2023-10-16 12:07:14,656 INFO o.a.j.t.JMeterThread: Thread finished: Thread Group 1-62
2023-10-16 12:07:15,250 INFO o.a.j.t.JMeterThread: Thread started: Thread Group 1-63
2023-10-16 12:07:15,578 INFO o.a.j.t.JMeterThread: Thread is done: Thread Group 1-63
2023-10-16 12:07:15,578 INFO o.a.j.t.JMeterThread: Thread finished: Thread Group 1-63
2023-10-16 12:07:16,250 INFO o.a.j.t.JMeterThread: Thread started: Thread Group 1-64
2023-10-16 12:07:16,626 INFO o.a.j.t.JMeterThread: Thread is done: Thread Group 1-64
2023-10-16 12:07:16,626 INFO o.a.j.t.JMeterThread: Thread finished: Thread Group 1-64
2023-10-16 12:07:17,250 INFO o.a.j.t.JMeterThread: Thread started: Thread Group 1-65
2023-10-16 12:07:17,580 INFO o.a.j.t.JMeterThread: Thread is done: Thread Group 1-65
2023-10-16 12:07:17,580 INFO o.a.j.t.JMeterThread: Thread finished: Thread Group 1-65
2023-10-16 12:07:18,248 INFO o.a.j.t.JMeterThread: Thread started: Thread Group 1-66
2023-10-16 12:07:18,599 INFO o.a.j.t.JMeterThread: Thread is done: Thread Group 1-66
2023-10-16 12:07:18,599 INFO o.a.j.t.JMeterThread: Thread finished: Thread Group 1-66
2023-10-16 12:07:19,249 INFO o.a.j.t.JMeterThread: Thread started: Thread Group 1-67
2023-10-16 12:07:19,607 INFO o.a.j.t.JMeterThread: Thread is done: Thread Group 1-67
2023-10-16 12:07:19,608 INFO o.a.j.t.JMeterThread: Thread finished: Thread Group 1-67
2023-10-16 12:07:20,249 INFO o.a.j.t.JMeterThread: Thread started: Thread Group 1-68
2023-10-16 12:07:20,584 INFO o.a.j.t.JMeterThread: Thread is done: Thread Group 1-68
2023-10-16 12:07:20,584 INFO o.a.j.t.JMeterThread: Thread finished: Thread Group 1-68
2023-10-16 12:07:21,249 INFO o.a.j.t.JMeterThread: Thread started: Thread Group 1-69
2023-10-16 12:07:21,552 INFO o.a.j.t.JMeterThread: Thread is done: Thread Group 1-69
2023-10-16 12:07:21,552 INFO o.a.j.t.JMeterThread: Thread finished: Thread Group 1-69
2023-10-16 12:07:22,255 INFO o.a.j.t.JMeterThread: Thread started: Thread Group 1-70
2023-10-16 12:07:22,648 INFO o.a.j.t.JMeterThread: Thread is done: Thread Group 1-70
2023-10-16 12:07:22,648 INFO o.a.j.t.JMeterThread: Thread finished: Thread Group 1-70
2023-10-16 12:07:23,249 INFO o.a.j.t.JMeterThread: Thread started: Thread Group 1-71
2023-10-16 12:07:23,592 INFO o.a.j.t.JMeterThread: Thread is done: Thread Group 1-71
2023-10-16 12:07:23,593 INFO o.a.j.t.JMeterThread: Thread finished: Thread Group 1-71
2023-10-16 12:07:24,250 INFO o.a.j.t.JMeterThread: Thread started: Thread Group 1-72
2023-10-16 12:07:24,580 INFO o.a.j.t.JMeterThread: Thread is done: Thread Group 1-72
2023-10-16 12:07:24,580 INFO o.a.j.t.JMeterThread: Thread finished: Thread Group 1-72
2023-10-16 12:07:25,248 INFO o.a.j.t.JMeterThread: Thread started: Thread Group 1-73
2023-10-16 12:07:25,569 INFO o.a.j.t.JMeterThread: Thread is done: Thread Group 1-73
2023-10-16 12:07:25,570 INFO o.a.j.t.JMeterThread: Thread finished: Thread Group 1-73
2023-10-16 12:07:26,248 INFO o.a.j.t.JMeterThread: Thread started: Thread Group 1-74
2023-10-16 12:07:26,653 INFO o.a.j.t.JMeterThread: Thread is done: Thread Group 1-74
2023-10-16 12:07:26,654 INFO o.a.j.t.JMeterThread: Thread finished: Thread Group 1-74
2023-10-16 12:07:27,249 INFO o.a.j.t.JMeterThread: Thread started: Thread Group 1-75
2023-10-16 12:07:27,576 INFO o.a.j.t.JMeterThread: Thread is done: Thread Group 1-75
2023-10-16 12:07:27,576 INFO o.a.j.t.JMeterThread: Thread finished: Thread Group 1-75
2023-10-16 12:07:28,250 INFO o.a.j.t.JMeterThread: Thread started: Thread Group 1-76
2023-10-16 12:07:28,586 INFO o.a.j.t.JMeterThread: Thread is done: Thread Group 1-76
2023-10-16 12:07:28,587 INFO o.a.j.t.JMeterThread: Thread finished: Thread Group 1-76
2023-10-16 12:07:29,250 INFO o.a.j.t.JMeterThread: Thread started: Thread Group 1-77
2023-10-16 12:07:29,554 INFO o.a.j.t.JMeterThread: Thread is done: Thread Group 1-77
2023-10-16 12:07:29,554 INFO o.a.j.t.JMeterThread: Thread finished: Thread Group 1-77
2023-10-16 12:07:30,248 INFO o.a.j.t.JMeterThread: Thread started: Thread Group 1-78
2023-10-16 12:07:30,578 INFO o.a.j.t.JMeterThread: Thread is done: Thread Group 1-78
2023-10-16 12:07:30,578 INFO o.a.j.t.JMeterThread: Thread finished: Thread Group 1-78
2023-10-16 12:07:31,249 INFO o.a.j.t.JMeterThread: Thread started: Thread Group 1-79
2023-10-16 12:07:31,587 INFO o.a.j.t.JMeterThread: Thread is done: Thread Group 1-79
2023-10-16 12:07:31,587 INFO o.a.j.t.JMeterThread: Thread finished: Thread Group 1-79
2023-10-16 12:07:32,249 INFO o.a.j.t.JMeterThread: Thread started: Thread Group 1-80
2023-10-16 12:07:32,578 INFO o.a.j.t.JMeterThread: Thread is done: Thread Group 1-80
2023-10-16 12:07:32,578 INFO o.a.j.t.JMeterThread: Thread finished: Thread Group 1-80
2023-10-16 12:07:33,250 INFO o.a.j.t.JMeterThread: Thread started: Thread Group 1-81
2023-10-16 12:07:33,588 INFO o.a.j.t.JMeterThread: Thread is done: Thread Group 1-81
2023-10-16 12:07:33,588 INFO o.a.j.t.JMeterThread: Thread finished: Thread Group 1-81
2023-10-16 12:07:34,249 INFO o.a.j.t.JMeterThread: Thread started: Thread Group 1-82
2023-10-16 12:07:34,568 INFO o.a.j.t.JMeterThread: Thread is done: Thread Group 1-82
2023-10-16 12:07:34,569 INFO o.a.j.t.JMeterThread: Thread finished: Thread Group 1-82
2023-10-16 12:07:35,249 INFO o.a.j.t.JMeterThread: Thread started: Thread Group 1-83
2023-10-16 12:07:35,560 INFO o.a.j.t.JMeterThread: Thread is done: Thread Group 1-83
2023-10-16 12:07:35,560 INFO o.a.j.t.JMeterThread: Thread finished: Thread Group 1-83
2023-10-16 12:07:36,249 INFO o.a.j.t.JMeterThread: Thread started: Thread Group 1-84
2023-10-16 12:07:36,640 INFO o.a.j.t.JMeterThread: Thread is done: Thread Group 1-84
2023-10-16 12:07:36,640 INFO o.a.j.t.JMeterThread: Thread finished: Thread Group 1-84
2023-10-16 12:07:37,249 INFO o.a.j.t.JMeterThread: Thread started: Thread Group 1-85
2023-10-16 12:07:37,559 INFO o.a.j.t.JMeterThread: Thread is done: Thread Group 1-85
2023-10-16 12:07:37,560 INFO o.a.j.t.JMeterThread: Thread finished: Thread Group 1-85
2023-10-16 12:07:38,248 INFO o.a.j.t.JMeterThread: Thread started: Thread Group 1-86
2023-10-16 12:07:38,588 INFO o.a.j.t.JMeterThread: Thread is done: Thread Group 1-86
2023-10-16 12:07:38,588 INFO o.a.j.t.JMeterThread: Thread finished: Thread Group 1-86
2023-10-16 12:07:39,249 INFO o.a.j.t.JMeterThread: Thread started: Thread Group 1-87
2023-10-16 12:07:39,600 INFO o.a.j.t.JMeterThread: Thread is done: Thread Group 1-87
2023-10-16 12:07:39,601 INFO o.a.j.t.JMeterThread: Thread finished: Thread Group 1-87
2023-10-16 12:07:40,249 INFO o.a.j.t.JMeterThread: Thread started: Thread Group 1-88
2023-10-16 12:07:40,645 INFO o.a.j.t.JMeterThread: Thread is done: Thread Group 1-88
2023-10-16 12:07:40,645 INFO o.a.j.t.JMeterThread: Thread finished: Thread Group 1-88
2023-10-16 12:07:41,249 INFO o.a.j.t.JMeterThread: Thread started: Thread Group 1-89
2023-10-16 12:07:41,603 INFO o.a.j.t.JMeterThread: Thread is done: Thread Group 1-89
2023-10-16 12:07:41,604 INFO o.a.j.t.JMeterThread: Thread finished: Thread Group 1-89
2023-10-16 12:07:42,248 INFO o.a.j.t.JMeterThread: Thread started: Thread Group 1-90
2023-10-16 12:07:42,576 INFO o.a.j.t.JMeterThread: Thread is done: Thread Group 1-90
2023-10-16 12:07:42,576 INFO o.a.j.t.JMeterThread: Thread finished: Thread Group 1-90
2023-10-16 12:07:43,248 INFO o.a.j.t.JMeterThread: Thread started: Thread Group 1-91
2023-10-16 12:07:43,606 INFO o.a.j.t.JMeterThread: Thread is done: Thread Group 1-91
2023-10-16 12:07:43,606 INFO o.a.j.t.JMeterThread: Thread finished: Thread Group 1-91
2023-10-16 12:07:44,249 INFO o.a.j.t.JMeterThread: Thread started: Thread Group 1-92
2023-10-16 12:07:44,603 INFO o.a.j.t.JMeterThread: Thread is done: Thread Group 1-92
2023-10-16 12:07:44,603 INFO o.a.j.t.JMeterThread: Thread finished: Thread Group 1-92
2023-10-16 12:07:45,249 INFO o.a.j.t.JMeterThread: Thread started: Thread Group 1-93
2023-10-16 12:07:45,617 INFO o.a.j.t.JMeterThread: Thread is done: Thread Group 1-93
2023-10-16 12:07:45,617 INFO o.a.j.t.JMeterThread: Thread finished: Thread Group 1-93
2023-10-16 12:07:46,249 INFO o.a.j.t.JMeterThread: Thread started: Thread Group 1-94
2023-10-16 12:07:46,594 INFO o.a.j.t.JMeterThread: Thread is done: Thread Group 1-94
2023-10-16 12:07:46,594 INFO o.a.j.t.JMeterThread: Thread finished: Thread Group 1-94
2023-10-16 12:07:47,249 INFO o.a.j.t.JMeterThread: Thread started: Thread Group 1-95
2023-10-16 12:07:47,552 INFO o.a.j.t.JMeterThread: Thread is done: Thread Group 1-95
2023-10-16 12:07:47,553 INFO o.a.j.t.JMeterThread: Thread finished: Thread Group 1-95
2023-10-16 12:07:48,249 INFO o.a.j.t.JMeterThread: Thread started: Thread Group 1-96
2023-10-16 12:07:48,583 INFO o.a.j.t.JMeterThread: Thread is done: Thread Group 1-96
2023-10-16 12:07:48,583 INFO o.a.j.t.JMeterThread: Thread finished: Thread Group 1-96
2023-10-16 12:07:49,248 INFO o.a.j.t.JMeterThread: Thread started: Thread Group 1-97
2023-10-16 12:07:49,594 INFO o.a.j.t.JMeterThread: Thread is done: Thread Group 1-97
2023-10-16 12:07:49,594 INFO o.a.j.t.JMeterThread: Thread finished: Thread Group 1-97
2023-10-16 12:07:50,248 INFO o.a.j.t.JMeterThread: Thread started: Thread Group 1-98
2023-10-16 12:07:50,687 INFO o.a.j.t.JMeterThread: Thread is done: Thread Group 1-98
2023-10-16 12:07:50,687 INFO o.a.j.t.JMeterThread: Thread finished: Thread Group 1-98
2023-10-16 12:07:51,249 INFO o.a.j.t.JMeterThread: Thread started: Thread Group 1-99
2023-10-16 12:07:51,762 INFO o.a.j.t.JMeterThread: Thread is done: Thread Group 1-99
2023-10-16 12:07:51,763 INFO o.a.j.t.JMeterThread: Thread finished: Thread Group 1-99
2023-10-16 12:07:52,250 INFO o.a.j.t.JMeterThread: Thread started: Thread Group 1-100
2023-10-16 12:07:52,610 INFO o.a.j.t.JMeterThread: Thread is done: Thread Group 1-100
2023-10-16 12:07:52,610 INFO o.a.j.t.JMeterThread: Thread finished: Thread Group 1-100
2023-10-16 12:07:52,612 INFO o.a.j.e.StandardJMeterEngine: Notifying test listeners of end of test
2023-10-16 12:07:52,612 INFO o.a.j.g.u.JMeterMenuBar: setRunning(false, *local*)
2023-10-16 13:47:46,807 INFO o.a.j.e.StandardJMeterEngine: Running the test!
2023-10-16 13:47:46,807 INFO o.a.j.s.SampleEvent: List of sample_variables: []
2023-10-16 13:47:46,808 INFO o.a.j.g.u.JMeterMenuBar: setRunning(true, *local*)
2023-10-16 13:47:46,850 INFO o.a.j.e.StandardJMeterEngine: Starting ThreadGroup: 1 : Thread Group
2023-10-16 13:47:46,851 INFO o.a.j.e.StandardJMeterEngine: Starting 100 threads for group Thread Group.
2023-10-16 13:47:46,851 INFO o.a.j.e.StandardJMeterEngine: Thread will continue on error
2023-10-16 13:47:46,851 INFO o.a.j.t.ThreadGroup: Starting thread group... number=1 threads=100 ramp-up=100 delayedStart=false
2023-10-16 13:47:46,851 INFO o.a.j.t.JMeterThread: Thread started: Thread Group 1-1
2023-10-16 13:47:46,871 INFO o.a.j.t.ThreadGroup: Started thread group number 1
2023-10-16 13:47:46,871 INFO o.a.j.e.StandardJMeterEngine: All thread groups have been started
2023-10-16 13:47:47,864 INFO o.a.j.t.JMeterThread: Thread started: Thread Group 1-2
2023-10-16 13:47:48,854 INFO o.a.j.t.JMeterThread: Thread started: Thread Group 1-3
2023-10-16 13:47:49,853 INFO o.a.j.t.JMeterThread: Thread started: Thread Group 1-4
2023-10-16 13:47:50,852 INFO o.a.j.t.JMeterThread: Thread started: Thread Group 1-5
2023-10-16 13:47:51,852 INFO o.a.j.t.JMeterThread: Thread started: Thread Group 1-6
2023-10-16 13:47:52,852 INFO o.a.j.t.JMeterThread: Thread started: Thread Group 1-7
2023-10-16 13:47:53,852 INFO o.a.j.t.JMeterThread: Thread started: Thread Group 1-8
2023-10-16 13:47:54,524 INFO o.a.j.t.JMeterThread: Thread is done: Thread Group 1-1
2023-10-16 13:47:54,524 INFO o.a.j.t.JMeterThread: Thread finished: Thread Group 1-1
2023-10-16 13:47:54,640 INFO o.a.j.t.JMeterThread: Thread is done: Thread Group 1-2
2023-10-16 13:47:54,640 INFO o.a.j.t.JMeterThread: Thread finished: Thread Group 1-2
2023-10-16 13:47:54,853 INFO o.a.j.t.JMeterThread: Thread started: Thread Group 1-9
2023-10-16 13:47:55,661 INFO o.a.j.t.JMeterThread: Thread is done: Thread Group 1-3
2023-10-16 13:47:55,661 INFO o.a.j.t.JMeterThread: Thread finished: Thread Group 1-3
2023-10-16 13:47:55,852 INFO o.a.j.t.JMeterThread: Thread started: Thread Group 1-10
2023-10-16 13:47:56,713 INFO o.a.j.t.JMeterThread: Thread is done: Thread Group 1-4
2023-10-16 13:47:56,713 INFO o.a.j.t.JMeterThread: Thread finished: Thread Group 1-4
2023-10-16 13:47:56,852 INFO o.a.j.t.JMeterThread: Thread started: Thread Group 1-11
2023-10-16 13:47:57,852 INFO o.a.j.t.JMeterThread: Thread started: Thread Group 1-12
2023-10-16 13:47:58,188 INFO o.a.j.t.JMeterThread: Thread is done: Thread Group 1-5
2023-10-16 13:47:58,188 INFO o.a.j.t.JMeterThread: Thread finished: Thread Group 1-5
2023-10-16 13:47:58,852 INFO o.a.j.t.JMeterThread: Thread started: Thread Group 1-13
2023-10-16 13:47:59,179 INFO o.a.j.t.JMeterThread: Thread is done: Thread Group 1-6
2023-10-16 13:47:59,179 INFO o.a.j.t.JMeterThread: Thread finished: Thread Group 1-6
2023-10-16 13:47:59,853 INFO o.a.j.t.JMeterThread: Thread started: Thread Group 1-14
2023-10-16 13:48:00,454 INFO o.a.j.t.JMeterThread: Thread is done: Thread Group 1-7
2023-10-16 13:48:00,454 INFO o.a.j.t.JMeterThread: Thread finished: Thread Group 1-7
2023-10-16 13:48:00,853 INFO o.a.j.t.JMeterThread: Thread started: Thread Group 1-15
2023-10-16 13:48:00,885 INFO o.a.j.t.JMeterThread: Thread is done: Thread Group 1-8
2023-10-16 13:48:00,885 INFO o.a.j.t.JMeterThread: Thread finished: Thread Group 1-8
2023-10-16 13:48:01,852 INFO o.a.j.t.JMeterThread: Thread started: Thread Group 1-16
2023-10-16 13:48:01,963 INFO o.a.j.t.JMeterThread: Thread is done: Thread Group 1-9
2023-10-16 13:48:01,963 INFO o.a.j.t.JMeterThread: Thread finished: Thread Group 1-9
2023-10-16 13:48:02,436 INFO o.a.j.t.JMeterThread: Thread is done: Thread Group 1-10
2023-10-16 13:48:02,436 INFO o.a.j.t.JMeterThread: Thread finished: Thread Group 1-10
2023-10-16 13:48:02,851 INFO o.a.j.t.JMeterThread: Thread started: Thread Group 1-17
2023-10-16 13:48:03,852 INFO o.a.j.t.JMeterThread: Thread started: Thread Group 1-18
2023-10-16 13:48:03,947 INFO o.a.j.t.JMeterThread: Thread is done: Thread Group 1-11
2023-10-16 13:48:03,947 INFO o.a.j.t.JMeterThread: Thread finished: Thread Group 1-11
2023-10-16 13:48:04,037 INFO o.a.j.t.JMeterThread: Thread is done: Thread Group 1-12
2023-10-16 13:48:04,037 INFO o.a.j.t.JMeterThread: Thread finished: Thread Group 1-12
2023-10-16 13:48:04,853 INFO o.a.j.t.JMeterThread: Thread started: Thread Group 1-19
2023-10-16 13:48:05,600 INFO o.a.j.t.JMeterThread: Thread is done: Thread Group 1-13
2023-10-16 13:48:05,600 INFO o.a.j.t.JMeterThread: Thread finished: Thread Group 1-13
2023-10-16 13:48:05,852 INFO o.a.j.t.JMeterThread: Thread started: Thread Group 1-20
2023-10-16 13:48:06,852 INFO o.a.j.t.JMeterThread: Thread started: Thread Group 1-21
2023-10-16 13:48:06,976 INFO o.a.j.t.JMeterThread: Thread is done: Thread Group 1-14
2023-10-16 13:48:06,976 INFO o.a.j.t.JMeterThread: Thread finished: Thread Group 1-14
2023-10-16 13:48:07,338 INFO o.a.j.t.JMeterThread: Thread is done: Thread Group 1-15
2023-10-16 13:48:07,338 INFO o.a.j.t.JMeterThread: Thread finished: Thread Group 1-15
2023-10-16 13:48:07,852 INFO o.a.j.t.JMeterThread: Thread started: Thread Group 1-22
2023-10-16 13:48:08,853 INFO o.a.j.t.JMeterThread: Thread started: Thread Group 1-23
2023-10-16 13:48:09,117 INFO o.a.j.t.JMeterThread: Thread is done: Thread Group 1-16
2023-10-16 13:48:09,117 INFO o.a.j.t.JMeterThread: Thread finished: Thread Group 1-16
2023-10-16 13:48:09,853 INFO o.a.j.t.JMeterThread: Thread started: Thread Group 1-24
2023-10-16 13:48:10,227 INFO o.a.j.t.JMeterThread: Thread is done: Thread Group 1-17
2023-10-16 13:48:10,227 INFO o.a.j.t.JMeterThread: Thread finished: Thread Group 1-17
2023-10-16 13:48:10,853 INFO o.a.j.t.JMeterThread: Thread started: Thread Group 1-25
2023-10-16 13:48:10,861 INFO o.a.j.t.JMeterThread: Thread is done: Thread Group 1-18
2023-10-16 13:48:10,861 INFO o.a.j.t.JMeterThread: Thread finished: Thread Group 1-18
2023-10-16 13:48:11,790 INFO o.a.j.t.JMeterThread: Thread is done: Thread Group 1-19
2023-10-16 13:48:11,790 INFO o.a.j.t.JMeterThread: Thread finished: Thread Group 1-19
2023-10-16 13:48:11,852 INFO o.a.j.t.JMeterThread: Thread started: Thread Group 1-26
2023-10-16 13:48:12,852 INFO o.a.j.t.JMeterThread: Thread started: Thread Group 1-27
2023-10-16 13:48:12,969 INFO o.a.j.t.JMeterThread: Thread is done: Thread Group 1-20
2023-10-16 13:48:12,969 INFO o.a.j.t.JMeterThread: Thread finished: Thread Group 1-20
2023-10-16 13:48:13,852 INFO o.a.j.t.JMeterThread: Thread started: Thread Group 1-28
2023-10-16 13:48:14,411 INFO o.a.j.t.JMeterThread: Thread is done: Thread Group 1-21
2023-10-16 13:48:14,411 INFO o.a.j.t.JMeterThread: Thread finished: Thread Group 1-21
2023-10-16 13:48:14,852 INFO o.a.j.t.JMeterThread: Thread started: Thread Group 1-29
2023-10-16 13:48:15,000 INFO o.a.j.t.JMeterThread: Thread is done: Thread Group 1-22
2023-10-16 13:48:15,000 INFO o.a.j.t.JMeterThread: Thread finished: Thread Group 1-22
2023-10-16 13:48:15,853 INFO o.a.j.t.JMeterThread: Thread started: Thread Group 1-30
2023-10-16 13:48:16,226 INFO o.a.j.t.JMeterThread: Thread is done: Thread Group 1-23
2023-10-16 13:48:16,226 INFO o.a.j.t.JMeterThread: Thread finished: Thread Group 1-23
2023-10-16 13:48:16,695 INFO o.a.j.t.JMeterThread: Thread is done: Thread Group 1-24
2023-10-16 13:48:16,695 INFO o.a.j.t.JMeterThread: Thread finished: Thread Group 1-24
2023-10-16 13:48:16,851 INFO o.a.j.t.JMeterThread: Thread started: Thread Group 1-31
2023-10-16 13:48:17,851 INFO o.a.j.t.JMeterThread: Thread started: Thread Group 1-32
2023-10-16 13:48:18,097 INFO o.a.j.t.JMeterThread: Thread is done: Thread Group 1-26
2023-10-16 13:48:18,097 INFO o.a.j.t.JMeterThread: Thread finished: Thread Group 1-26
2023-10-16 13:48:18,144 INFO o.a.j.t.JMeterThread: Thread is done: Thread Group 1-25
2023-10-16 13:48:18,144 INFO o.a.j.t.JMeterThread: Thread finished: Thread Group 1-25
2023-10-16 13:48:18,852 INFO o.a.j.t.JMeterThread: Thread started: Thread Group 1-33
2023-10-16 13:48:19,822 INFO o.a.j.t.JMeterThread: Thread is done: Thread Group 1-27
2023-10-16 13:48:19,822 INFO o.a.j.t.JMeterThread: Thread finished: Thread Group 1-27
2023-10-16 13:48:19,853 INFO o.a.j.t.JMeterThread: Thread started: Thread Group 1-34
2023-10-16 13:48:20,854 INFO o.a.j.t.JMeterThread: Thread started: Thread Group 1-35
2023-10-16 13:48:20,931 INFO o.a.j.t.JMeterThread: Thread is done: Thread Group 1-28
2023-10-16 13:48:20,931 INFO o.a.j.t.JMeterThread: Thread finished: Thread Group 1-28
2023-10-16 13:48:21,852 INFO o.a.j.t.JMeterThread: Thread started: Thread Group 1-36
2023-10-16 13:48:21,910 INFO o.a.j.t.JMeterThread: Thread is done: Thread Group 1-29
2023-10-16 13:48:21,910 INFO o.a.j.t.JMeterThread: Thread finished: Thread Group 1-29
2023-10-16 13:48:22,852 INFO o.a.j.t.JMeterThread: Thread started: Thread Group 1-37
2023-10-16 13:48:22,978 INFO o.a.j.t.JMeterThread: Thread is done: Thread Group 1-30
2023-10-16 13:48:22,978 INFO o.a.j.t.JMeterThread: Thread finished: Thread Group 1-30
2023-10-16 13:48:23,851 INFO o.a.j.t.JMeterThread: Thread started: Thread Group 1-38
2023-10-16 13:48:24,208 INFO o.a.j.t.JMeterThread: Thread is done: Thread Group 1-31
2023-10-16 13:48:24,208 INFO o.a.j.t.JMeterThread: Thread finished: Thread Group 1-31
2023-10-16 13:48:24,854 INFO o.a.j.t.JMeterThread: Thread started: Thread Group 1-39
2023-10-16 13:48:25,169 INFO o.a.j.t.JMeterThread: Thread is done: Thread Group 1-32
2023-10-16 13:48:25,169 INFO o.a.j.t.JMeterThread: Thread finished: Thread Group 1-32
2023-10-16 13:48:25,600 INFO o.a.j.t.JMeterThread: Thread is done: Thread Group 1-33
2023-10-16 13:48:25,600 INFO o.a.j.t.JMeterThread: Thread finished: Thread Group 1-33
2023-10-16 13:48:25,853 INFO o.a.j.t.JMeterThread: Thread started: Thread Group 1-40
2023-10-16 13:48:26,629 INFO o.a.j.t.JMeterThread: Thread is done: Thread Group 1-34
2023-10-16 13:48:26,629 INFO o.a.j.t.JMeterThread: Thread finished: Thread Group 1-34
2023-10-16 13:48:26,853 INFO o.a.j.t.JMeterThread: Thread started: Thread Group 1-41
2023-10-16 13:48:27,061 INFO o.a.j.t.JMeterThread: Thread is done: Thread Group 1-35
2023-10-16 13:48:27,061 INFO o.a.j.t.JMeterThread: Thread finished: Thread Group 1-35
2023-10-16 13:48:27,852 INFO o.a.j.t.JMeterThread: Thread started: Thread Group 1-42
2023-10-16 13:48:28,583 INFO o.a.j.t.JMeterThread: Thread is done: Thread Group 1-36
2023-10-16 13:48:28,583 INFO o.a.j.t.JMeterThread: Thread finished: Thread Group 1-36
2023-10-16 13:48:28,851 INFO o.a.j.t.JMeterThread: Thread started: Thread Group 1-43
2023-10-16 13:48:29,852 INFO o.a.j.t.JMeterThread: Thread started: Thread Group 1-44
2023-10-16 13:48:30,062 INFO o.a.j.t.JMeterThread: Thread is done: Thread Group 1-37
2023-10-16 13:48:30,062 INFO o.a.j.t.JMeterThread: Thread finished: Thread Group 1-37
2023-10-16 13:48:30,853 INFO o.a.j.t.JMeterThread: Thread started: Thread Group 1-45
2023-10-16 13:48:30,901 INFO o.a.j.t.JMeterThread: Thread is done: Thread Group 1-38
2023-10-16 13:48:30,901 INFO o.a.j.t.JMeterThread: Thread finished: Thread Group 1-38
2023-10-16 13:48:31,853 INFO o.a.j.t.JMeterThread: Thread started: Thread Group 1-46
2023-10-16 13:48:32,239 INFO o.a.j.t.JMeterThread: Thread is done: Thread Group 1-39
2023-10-16 13:48:32,239 INFO o.a.j.t.JMeterThread: Thread finished: Thread Group 1-39
2023-10-16 13:48:32,320 INFO o.a.j.t.JMeterThread: Thread is done: Thread Group 1-40
2023-10-16 13:48:32,320 INFO o.a.j.t.JMeterThread: Thread finished: Thread Group 1-40
2023-10-16 13:48:32,852 INFO o.a.j.t.JMeterThread: Thread started: Thread Group 1-47
2023-10-16 13:48:33,456 INFO o.a.j.t.JMeterThread: Thread is done: Thread Group 1-41
2023-10-16 13:48:33,456 INFO o.a.j.t.JMeterThread: Thread finished: Thread Group 1-41
2023-10-16 13:48:33,852 INFO o.a.j.t.JMeterThread: Thread started: Thread Group 1-48
2023-10-16 13:48:34,852 INFO o.a.j.t.JMeterThread: Thread started: Thread Group 1-49
2023-10-16 13:48:35,113 INFO o.a.j.t.JMeterThread: Thread is done: Thread Group 1-42
2023-10-16 13:48:35,113 INFO o.a.j.t.JMeterThread: Thread finished: Thread Group 1-42
2023-10-16 13:48:35,617 INFO o.a.j.t.JMeterThread: Thread is done: Thread Group 1-43
2023-10-16 13:48:35,617 INFO o.a.j.t.JMeterThread: Thread finished: Thread Group 1-43
2023-10-16 13:48:35,852 INFO o.a.j.t.JMeterThread: Thread started: Thread Group 1-50
2023-10-16 13:48:36,132 INFO o.a.j.t.JMeterThread: Thread is done: Thread Group 1-44
2023-10-16 13:48:36,132 INFO o.a.j.t.JMeterThread: Thread finished: Thread Group 1-44
2023-10-16 13:48:36,853 INFO o.a.j.t.JMeterThread: Thread started: Thread Group 1-51
2023-10-16 13:48:37,852 INFO o.a.j.t.JMeterThread: Thread started: Thread Group 1-52
2023-10-16 13:48:38,188 INFO o.a.j.t.JMeterThread: Thread is done: Thread Group 1-46
2023-10-16 13:48:38,188 INFO o.a.j.t.JMeterThread: Thread finished: Thread Group 1-46
2023-10-16 13:48:38,285 INFO o.a.j.t.JMeterThread: Thread is done: Thread Group 1-45
2023-10-16 13:48:38,285 INFO o.a.j.t.JMeterThread: Thread finished: Thread Group 1-45
2023-10-16 13:48:38,852 INFO o.a.j.t.JMeterThread: Thread started: Thread Group 1-53
2023-10-16 13:48:39,851 INFO o.a.j.t.JMeterThread: Thread started: Thread Group 1-54
2023-10-16 13:48:40,135 INFO o.a.j.t.JMeterThread: Thread is done: Thread Group 1-47
2023-10-16 13:48:40,135 INFO o.a.j.t.JMeterThread: Thread finished: Thread Group 1-47
2023-10-16 13:48:40,852 INFO o.a.j.t.JMeterThread: Thread started: Thread Group 1-55
2023-10-16 13:48:41,434 INFO o.a.j.t.JMeterThread: Thread is done: Thread Group 1-48
2023-10-16 13:48:41,434 INFO o.a.j.t.JMeterThread: Thread finished: Thread Group 1-48
2023-10-16 13:48:41,829 INFO o.a.j.t.JMeterThread: Thread is done: Thread Group 1-49
2023-10-16 13:48:41,829 INFO o.a.j.t.JMeterThread: Thread finished: Thread Group 1-49
2023-10-16 13:48:41,852 INFO o.a.j.t.JMeterThread: Thread started: Thread Group 1-56
2023-10-16 13:48:42,399 INFO o.a.j.t.JMeterThread: Thread is done: Thread Group 1-50
2023-10-16 13:48:42,399 INFO o.a.j.t.JMeterThread: Thread finished: Thread Group 1-50
2023-10-16 13:48:42,852 INFO o.a.j.t.JMeterThread: Thread started: Thread Group 1-57
2023-10-16 13:48:43,478 INFO o.a.j.t.JMeterThread: Thread is done: Thread Group 1-51
2023-10-16 13:48:43,478 INFO o.a.j.t.JMeterThread: Thread finished: Thread Group 1-51
2023-10-16 13:48:43,852 INFO o.a.j.t.JMeterThread: Thread started: Thread Group 1-58
2023-10-16 13:48:44,655 INFO o.a.j.t.JMeterThread: Thread is done: Thread Group 1-52
2023-10-16 13:48:44,655 INFO o.a.j.t.JMeterThread: Thread finished: Thread Group 1-52
2023-10-16 13:48:44,851 INFO o.a.j.t.JMeterThread: Thread started: Thread Group 1-59
2023-10-16 13:48:45,590 INFO o.a.j.t.JMeterThread: Thread is done: Thread Group 1-53
2023-10-16 13:48:45,590 INFO o.a.j.t.JMeterThread: Thread finished: Thread Group 1-53
2023-10-16 13:48:45,852 INFO o.a.j.t.JMeterThread: Thread started: Thread Group 1-60
2023-10-16 13:48:46,835 INFO o.a.j.t.JMeterThread: Thread is done: Thread Group 1-54
2023-10-16 13:48:46,835 INFO o.a.j.t.JMeterThread: Thread finished: Thread Group 1-54
2023-10-16 13:48:46,852 INFO o.a.j.t.JMeterThread: Thread started: Thread Group 1-61
2023-10-16 13:48:47,654 INFO o.a.j.t.JMeterThread: Thread is done: Thread Group 1-55
2023-10-16 13:48:47,654 INFO o.a.j.t.JMeterThread: Thread finished: Thread Group 1-55
2023-10-16 13:48:47,852 INFO o.a.j.t.JMeterThread: Thread started: Thread Group 1-62
2023-10-16 13:48:48,152 INFO o.a.j.t.JMeterThread: Thread is done: Thread Group 1-56
2023-10-16 13:48:48,152 INFO o.a.j.t.JMeterThread: Thread finished: Thread Group 1-56
2023-10-16 13:48:48,851 INFO o.a.j.t.JMeterThread: Thread started: Thread Group 1-63
2023-10-16 13:48:49,851 INFO o.a.j.t.JMeterThread: Thread started: Thread Group 1-64
2023-10-16 13:48:50,038 INFO o.a.j.t.JMeterThread: Thread is done: Thread Group 1-57
2023-10-16 13:48:50,038 INFO o.a.j.t.JMeterThread: Thread finished: Thread Group 1-57
2023-10-16 13:48:50,852 INFO o.a.j.t.JMeterThread: Thread started: Thread Group 1-65
2023-10-16 13:48:51,223 INFO o.a.j.t.JMeterThread: Thread is done: Thread Group 1-58
2023-10-16 13:48:51,223 INFO o.a.j.t.JMeterThread: Thread finished: Thread Group 1-58
2023-10-16 13:48:51,853 INFO o.a.j.t.JMeterThread: Thread started: Thread Group 1-66
2023-10-16 13:48:52,053 INFO o.a.j.t.JMeterThread: Thread is done: Thread Group 1-59
2023-10-16 13:48:52,053 INFO o.a.j.t.JMeterThread: Thread finished: Thread Group 1-59
2023-10-16 13:48:52,852 INFO o.a.j.t.JMeterThread: Thread started: Thread Group 1-67
2023-10-16 13:48:53,307 INFO o.a.j.t.JMeterThread: Thread is done: Thread Group 1-61
2023-10-16 13:48:53,307 INFO o.a.j.t.JMeterThread: Thread finished: Thread Group 1-61
2023-10-16 13:48:53,317 INFO o.a.j.t.JMeterThread: Thread is done: Thread Group 1-60
2023-10-16 13:48:53,317 INFO o.a.j.t.JMeterThread: Thread finished: Thread Group 1-60
2023-10-16 13:48:53,851 INFO o.a.j.t.JMeterThread: Thread started: Thread Group 1-68
2023-10-16 13:48:54,235 INFO o.a.j.t.JMeterThread: Thread is done: Thread Group 1-62
2023-10-16 13:48:54,235 INFO o.a.j.t.JMeterThread: Thread finished: Thread Group 1-62
2023-10-16 13:48:54,851 INFO o.a.j.t.JMeterThread: Thread started: Thread Group 1-69
2023-10-16 13:48:55,353 INFO o.a.j.t.JMeterThread: Thread is done: Thread Group 1-63
2023-10-16 13:48:55,353 INFO o.a.j.t.JMeterThread: Thread finished: Thread Group 1-63
2023-10-16 13:48:55,852 INFO o.a.j.t.JMeterThread: Thread started: Thread Group 1-70
2023-10-16 13:48:56,809 INFO o.a.j.t.JMeterThread: Thread is done: Thread Group 1-64
2023-10-16 13:48:56,809 INFO o.a.j.t.JMeterThread: Thread finished: Thread Group 1-64
2023-10-16 13:48:56,852 INFO o.a.j.t.JMeterThread: Thread started: Thread Group 1-71
2023-10-16 13:48:57,852 INFO o.a.j.t.JMeterThread: Thread started: Thread Group 1-72
2023-10-16 13:48:58,101 INFO o.a.j.t.JMeterThread: Thread is done: Thread Group 1-65
2023-10-16 13:48:58,101 INFO o.a.j.t.JMeterThread: Thread finished: Thread Group 1-65
2023-10-16 13:48:58,512 INFO o.a.j.t.JMeterThread: Thread is done: Thread Group 1-66
2023-10-16 13:48:58,512 INFO o.a.j.t.JMeterThread: Thread finished: Thread Group 1-66
2023-10-16 13:48:58,853 INFO o.a.j.t.JMeterThread: Thread started: Thread Group 1-73
2023-10-16 13:48:59,767 INFO o.a.j.t.JMeterThread: Thread is done: Thread Group 1-67
2023-10-16 13:48:59,767 INFO o.a.j.t.JMeterThread: Thread finished: Thread Group 1-67
2023-10-16 13:48:59,851 INFO o.a.j.t.JMeterThread: Thread started: Thread Group 1-74
2023-10-16 13:49:00,797 INFO o.a.j.t.JMeterThread: Thread is done: Thread Group 1-68
2023-10-16 13:49:00,797 INFO o.a.j.t.JMeterThread: Thread finished: Thread Group 1-68
2023-10-16 13:49:00,851 INFO o.a.j.t.JMeterThread: Thread started: Thread Group 1-75
2023-10-16 13:49:01,758 INFO o.a.j.t.JMeterThread: Thread is done: Thread Group 1-69
2023-10-16 13:49:01,758 INFO o.a.j.t.JMeterThread: Thread finished: Thread Group 1-69
2023-10-16 13:49:01,852 INFO o.a.j.t.JMeterThread: Thread started: Thread Group 1-76
2023-10-16 13:49:02,853 INFO o.a.j.t.JMeterThread: Thread started: Thread Group 1-77
2023-10-16 13:49:03,311 INFO o.a.j.t.JMeterThread: Thread is done: Thread Group 1-70
2023-10-16 13:49:03,311 INFO o.a.j.t.JMeterThread: Thread finished: Thread Group 1-70
2023-10-16 13:49:03,724 INFO o.a.j.t.JMeterThread: Thread is done: Thread Group 1-71
2023-10-16 13:49:03,724 INFO o.a.j.t.JMeterThread: Thread finished: Thread Group 1-71
2023-10-16 13:49:03,853 INFO o.a.j.t.JMeterThread: Thread started: Thread Group 1-78
2023-10-16 13:49:04,851 INFO o.a.j.t.JMeterThread: Thread started: Thread Group 1-79
2023-10-16 13:49:04,882 INFO o.a.j.t.JMeterThread: Thread is done: Thread Group 1-72
2023-10-16 13:49:04,882 INFO o.a.j.t.JMeterThread: Thread finished: Thread Group 1-72
2023-10-16 13:49:05,852 INFO o.a.j.t.JMeterThread: Thread started: Thread Group 1-80
2023-10-16 13:49:05,958 INFO o.a.j.t.JMeterThread: Thread is done: Thread Group 1-73
2023-10-16 13:49:05,958 INFO o.a.j.t.JMeterThread: Thread finished: Thread Group 1-73
2023-10-16 13:49:06,402 INFO o.a.j.t.JMeterThread: Thread is done: Thread Group 1-74
2023-10-16 13:49:06,402 INFO o.a.j.t.JMeterThread: Thread finished: Thread Group 1-74
2023-10-16 13:49:06,851 INFO o.a.j.t.JMeterThread: Thread started: Thread Group 1-81
2023-10-16 13:49:07,851 INFO o.a.j.t.JMeterThread: Thread started: Thread Group 1-82
2023-10-16 13:49:07,871 INFO o.a.j.t.JMeterThread: Thread is done: Thread Group 1-75
2023-10-16 13:49:07,871 INFO o.a.j.t.JMeterThread: Thread finished: Thread Group 1-75
2023-10-16 13:49:08,608 INFO o.a.j.t.JMeterThread: Thread is done: Thread Group 1-76
2023-10-16 13:49:08,608 INFO o.a.j.t.JMeterThread: Thread finished: Thread Group 1-76
2023-10-16 13:49:08,853 INFO o.a.j.t.JMeterThread: Thread started: Thread Group 1-83
2023-10-16 13:49:09,853 INFO o.a.j.t.JMeterThread: Thread started: Thread Group 1-84
2023-10-16 13:49:09,891 INFO o.a.j.t.JMeterThread: Thread is done: Thread Group 1-78
2023-10-16 13:49:09,891 INFO o.a.j.t.JMeterThread: Thread finished: Thread Group 1-78
2023-10-16 13:49:10,267 INFO o.a.j.t.JMeterThread: Thread is done: Thread Group 1-77
2023-10-16 13:49:10,267 INFO o.a.j.t.JMeterThread: Thread finished: Thread Group 1-77
2023-10-16 13:49:10,851 INFO o.a.j.t.JMeterThread: Thread started: Thread Group 1-85
2023-10-16 13:49:11,852 INFO o.a.j.t.JMeterThread: Thread started: Thread Group 1-86
2023-10-16 13:49:12,211 INFO o.a.j.t.JMeterThread: Thread is done: Thread Group 1-80
2023-10-16 13:49:12,211 INFO o.a.j.t.JMeterThread: Thread finished: Thread Group 1-80
2023-10-16 13:49:12,329 INFO o.a.j.t.JMeterThread: Thread is done: Thread Group 1-79
2023-10-16 13:49:12,329 INFO o.a.j.t.JMeterThread: Thread finished: Thread Group 1-79
2023-10-16 13:49:12,852 INFO o.a.j.t.JMeterThread: Thread started: Thread Group 1-87
2023-10-16 13:49:13,401 INFO o.a.j.t.JMeterThread: Thread is done: Thread Group 1-81
2023-10-16 13:49:13,401 INFO o.a.j.t.JMeterThread: Thread finished: Thread Group 1-81
2023-10-16 13:49:13,851 INFO o.a.j.t.JMeterThread: Thread started: Thread Group 1-88
2023-10-16 13:49:14,852 INFO o.a.j.t.JMeterThread: Thread started: Thread Group 1-89
2023-10-16 13:49:15,129 INFO o.a.j.t.JMeterThread: Thread is done: Thread Group 1-82
2023-10-16 13:49:15,129 INFO o.a.j.t.JMeterThread: Thread finished: Thread Group 1-82
2023-10-16 13:49:15,852 INFO o.a.j.t.JMeterThread: Thread started: Thread Group 1-90
2023-10-16 13:49:16,327 INFO o.a.j.t.JMeterThread: Thread is done: Thread Group 1-83
2023-10-16 13:49:16,327 INFO o.a.j.t.JMeterThread: Thread finished: Thread Group 1-83
2023-10-16 13:49:16,852 INFO o.a.j.t.JMeterThread: Thread started: Thread Group 1-91
2023-10-16 13:49:16,892 INFO o.a.j.t.JMeterThread: Thread is done: Thread Group 1-84
2023-10-16 13:49:16,892 INFO o.a.j.t.JMeterThread: Thread finished: Thread Group 1-84
2023-10-16 13:49:17,852 INFO o.a.j.t.JMeterThread: Thread started: Thread Group 1-92
2023-10-16 13:49:18,003 INFO o.a.j.t.JMeterThread: Thread is done: Thread Group 1-85
2023-10-16 13:49:18,003 INFO o.a.j.t.JMeterThread: Thread finished: Thread Group 1-85
2023-10-16 13:49:18,851 INFO o.a.j.t.JMeterThread: Thread started: Thread Group 1-93
2023-10-16 13:49:19,494 INFO o.a.j.t.JMeterThread: Thread is done: Thread Group 1-86
2023-10-16 13:49:19,494 INFO o.a.j.t.JMeterThread: Thread finished: Thread Group 1-86
2023-10-16 13:49:19,638 INFO o.a.j.t.JMeterThread: Thread is done: Thread Group 1-87
2023-10-16 13:49:19,638 INFO o.a.j.t.JMeterThread: Thread finished: Thread Group 1-87
2023-10-16 13:49:19,852 INFO o.a.j.t.JMeterThread: Thread started: Thread Group 1-94
2023-10-16 13:49:20,853 INFO o.a.j.t.JMeterThread: Thread started: Thread Group 1-95
2023-10-16 13:49:21,249 INFO o.a.j.t.JMeterThread: Thread is done: Thread Group 1-88
2023-10-16 13:49:21,249 INFO o.a.j.t.JMeterThread: Thread finished: Thread Group 1-88
2023-10-16 13:49:21,404 INFO o.a.j.t.JMeterThread: Thread is done: Thread Group 1-89
2023-10-16 13:49:21,404 INFO o.a.j.t.JMeterThread: Thread finished: Thread Group 1-89
2023-10-16 13:49:21,852 INFO o.a.j.t.JMeterThread: Thread started: Thread Group 1-96
2023-10-16 13:49:22,851 INFO o.a.j.t.JMeterThread: Thread started: Thread Group 1-97
2023-10-16 13:49:22,946 INFO o.a.j.t.JMeterThread: Thread is done: Thread Group 1-90
2023-10-16 13:49:22,946 INFO o.a.j.t.JMeterThread: Thread finished: Thread Group 1-90
2023-10-16 13:49:23,491 INFO o.a.j.t.JMeterThread: Thread is done: Thread Group 1-91
2023-10-16 13:49:23,491 INFO o.a.j.t.JMeterThread: Thread finished: Thread Group 1-91
2023-10-16 13:49:23,852 INFO o.a.j.t.JMeterThread: Thread started: Thread Group 1-98
2023-10-16 13:49:24,852 INFO o.a.j.t.JMeterThread: Thread started: Thread Group 1-99
2023-10-16 13:49:25,259 INFO o.a.j.t.JMeterThread: Thread is done: Thread Group 1-93
2023-10-16 13:49:25,259 INFO o.a.j.t.JMeterThread: Thread finished: Thread Group 1-93
2023-10-16 13:49:25,491 INFO o.a.j.t.JMeterThread: Thread is done: Thread Group 1-92
2023-10-16 13:49:25,491 INFO o.a.j.t.JMeterThread: Thread finished: Thread Group 1-92
2023-10-16 13:49:25,851 INFO o.a.j.t.JMeterThread: Thread started: Thread Group 1-100
2023-10-16 13:49:27,039 INFO o.a.j.t.JMeterThread: Thread is done: Thread Group 1-94
2023-10-16 13:49:27,039 INFO o.a.j.t.JMeterThread: Thread finished: Thread Group 1-94
2023-10-16 13:49:28,261 INFO o.a.j.t.JMeterThread: Thread is done: Thread Group 1-96
2023-10-16 13:49:28,261 INFO o.a.j.t.JMeterThread: Thread finished: Thread Group 1-96
2023-10-16 13:49:28,385 INFO o.a.j.t.JMeterThread: Thread is done: Thread Group 1-95
2023-10-16 13:49:28,385 INFO o.a.j.t.JMeterThread: Thread finished: Thread Group 1-95
2023-10-16 13:49:29,912 INFO o.a.j.t.JMeterThread: Thread is done: Thread Group 1-97
2023-10-16 13:49:29,912 INFO o.a.j.t.JMeterThread: Thread finished: Thread Group 1-97
2023-10-16 13:49:30,994 INFO o.a.j.t.JMeterThread: Thread is done: Thread Group 1-98
2023-10-16 13:49:30,994 INFO o.a.j.t.JMeterThread: Thread finished: Thread Group 1-98
2023-10-16 13:49:31,455 INFO o.a.j.t.JMeterThread: Thread is done: Thread Group 1-99
2023-10-16 13:49:31,455 INFO o.a.j.t.JMeterThread: Thread finished: Thread Group 1-99
2023-10-16 13:49:32,870 INFO o.a.j.t.JMeterThread: Thread is done: Thread Group 1-100
2023-10-16 13:49:32,870 INFO o.a.j.t.JMeterThread: Thread finished: Thread Group 1-100
2023-10-16 13:49:32,870 INFO o.a.j.e.StandardJMeterEngine: Notifying test listeners of end of test
2023-10-16 13:49:32,870 INFO o.a.j.g.u.JMeterMenuBar: setRunning(false, *local*)
